\BOOKMARK [1][-]{section.1}{\376\377\000I\000n\000t\000r\000o\000d\000u\000c\000t\000i\000o\000n}{}% 1
\BOOKMARK [1][-]{section.2}{\376\377\000R\000e\000l\000a\000t\000e\000d\000\040\000W\000o\000r\000k}{}% 2
\BOOKMARK [2][-]{subsection.2.1}{\376\377\000G\000r\000a\000p\000h\000-\000b\000a\000s\000e\000d\000\040\000r\000e\000g\000r\000a\000s\000p\000\040\000p\000l\000a\000n\000n\000i\000n\000g}{section.2}% 3
\BOOKMARK [2][-]{subsection.2.2}{\376\377\000L\000e\000a\000r\000n\000i\000n\000g\000-\000b\000a\000s\000e\000d\000\040\000R\000e\000g\000r\000a\000s\000p\000\040\000P\000l\000a\000n\000n\000i\000n\000g}{section.2}% 4
\BOOKMARK [1][-]{section.3}{\376\377\000E\000n\000e\000r\000g\000y\000-\000B\000a\000s\000e\000d\000\040\000R\000e\000g\000r\000a\000s\000p\000\040\000P\000l\000a\000n\000n\000i\000n\000g}{}% 5
\BOOKMARK [2][-]{subsection.3.1}{\376\377\000S\000h\000a\000r\000e\000d\000\040\000G\000r\000a\000s\000p\000\040\000M\000o\000d\000e\000l\000i\000n\000g}{section.3}% 6
\BOOKMARK [2][-]{subsection.3.2}{\376\377\000S\000h\000a\000r\000e\000d\000\040\000G\000r\000a\000s\000p\000\040\000C\000o\000n\000n\000e\000c\000t\000i\000v\000i\000t\000y\000\040\000C\000h\000a\000i\000n\000\040\000M\000o\000d\000e\000l\000i\000n\000g}{section.3}% 7
\BOOKMARK [2][-]{subsection.3.3}{\376\377\000A\000d\000a\000p\000t\000i\000v\000e\000\040\000M\000u\000l\000t\000i\000-\000s\000t\000e\000p\000\040\000R\000e\000g\000r\000a\000s\000p\000\040\000P\000l\000a\000n\000n\000i\000n\000g\000\040\000F\000r\000a\000m\000e\000w\000o\000r\000k}{section.3}% 8
\BOOKMARK [1][-]{section.4}{\376\377\000E\000x\000p\000e\000r\000i\000m\000e\000n\000t\000s\000\040\000a\000n\000d\000\040\000A\000n\000a\000l\000y\000s\000i\000s}{}% 9
\BOOKMARK [2][-]{subsection.4.1}{\376\377\000P\000r\000o\000p\000o\000s\000e\000d\000\040\000M\000e\000a\000s\000u\000r\000e\000m\000e\000n\000t\000\040\000E\000x\000p\000e\000r\000i\000m\000e\000n\000t}{section.4}% 10
\BOOKMARK [3][-]{subsubsection.4.1.1}{\376\377\000E\000n\000e\000r\000g\000y\000-\000b\000a\000s\000e\000d\000\040\000s\000h\000a\000r\000e\000d\000\040\000g\000r\000a\000s\000p}{subsection.4.1}% 11
\BOOKMARK [3][-]{subsubsection.4.1.2}{\376\377\000S\000h\000a\000r\000e\000d\000\040\000G\000r\000a\000s\000p\000\040\000C\000o\000n\000n\000e\000c\000t\000i\000v\000i\000t\000y}{subsection.4.1}% 12
\BOOKMARK [2][-]{subsection.4.2}{\376\377\000O\000b\000j\000e\000c\000t\000\040\000m\000i\000d\000-\000p\000o\000s\000e\000\040\000g\000e\000n\000e\000r\000a\000t\000i\000o\000n\000\040\000e\000x\000p\000e\000r\000i\000m\000e\000n\000t}{section.4}% 13
\BOOKMARK [3][-]{figure.caption.6}{\376\377\000O\000n\000e\000-\000s\000t\000e\000p\000\040\000M\000i\000d\000-\000p\000o\000s\000e\000\040\000E\000x\000p\000e\000r\000i\000m\000e\000n\000t}{subsection.4.2}% 14
\BOOKMARK [3][-]{subsubsection.4.2.2}{\376\377\000M\000i\000d\000-\000p\000o\000s\000e\000\040\000g\000e\000n\000e\000r\000a\000t\000i\000o\000n\000\040\000o\000n\000\040\000u\000n\000s\000e\000e\000n\000\040\000g\000r\000a\000s\000p\000s}{subsection.4.2}% 15
\BOOKMARK [3][-]{subsubsection.4.2.3}{\376\377\000M\000i\000d\000-\000p\000o\000s\000e\000\040\000g\000e\000n\000e\000r\000a\000t\000i\000o\000n\000\040\000o\000n\000\040\000u\000n\000s\000e\000e\000n\000\040\000e\000n\000d\000-\000e\000f\000f\000e\000c\000t\000o\000r\000s}{subsection.4.2}% 16
\BOOKMARK [2][-]{subsection.4.3}{\376\377\000E\000v\000a\000l\000u\000a\000t\000i\000o\000n\000\040\000o\000f\000\040\000A\000d\000a\000p\000t\000i\000v\000e\000\040\000R\000e\000g\000r\000a\000s\000p\000\040\000P\000l\000a\000n\000n\000i\000n\000g}{section.4}% 17
\BOOKMARK [1][-]{section.5}{\376\377\000C\000o\000n\000c\000l\000u\000s\000i\000o\000n\000s}{}% 18
\BOOKMARK [1][-]{section.6}{\376\377\000F\000u\000t\000u\000r\000e\000\040\000W\000o\000r\000k}{}% 19
\BOOKMARK [1][-]{section*.17}{\376\377\000R\000e\000f\000e\000r\000e\000n\000c\000e\000s}{}% 20
